Using pre-set license
Built from '2020.3/staging' branch; Version is '2020.3.4f1 (0abb6314276a) revision 703331'; Using compiler version '192528614'; Build Type 'Release'
OS: 'Windows 10 Pro; OS build 19044.1706; Version 2009; 64bit' Language: 'ko' Physical Memory: 32696 MB
BatchMode: 1, IsHumanControllingUs: 0, StartBugReporterOnCrash: 0, Is64bit: 1, IsPro: 0

 COMMAND LINE ARGUMENTS:
C:\Program Files\2020.3.4f1\Editor\Unity.exe
-adb2
-batchMode
-noUpm
-name
AssetImportWorker0
-projectPath
D:/GIT/yjoy/MobileAppFunctions
-logFile
Logs/AssetImportWorker0.log
-srvPort
7630
Successfully changed project path to: D:/GIT/yjoy/MobileAppFunctions
D:/GIT/yjoy/MobileAppFunctions
Using Asset Import Pipeline V2.
Refreshing native plugins compatible for Editor in 26.98 ms, found 2 plugins.
Preloading 0 native plugins for Editor in 0.00 ms.
Initialize engine version: 2020.3.4f1 (0abb6314276a)
[Subsystems] Discovering subsystems at path C:/Program Files/2020.3.4f1/Editor/Data/Resources/UnitySubsystems
[Subsystems] Discovering subsystems at path D:/GIT/yjoy/MobileAppFunctions/Assets
GfxDevice: creating device client; threaded=0
Direct3D:
    Version:  Direct3D 11.0 [level 11.1]
    Renderer: NVIDIA GeForce RTX 2070 SUPER (ID=0x1e84)
    Vendor:   
    VRAM:     8011 MB
    Driver:   27.21.14.5751
Initialize mono
Mono path[0] = 'C:/Program Files/2020.3.4f1/Editor/Data/Managed'
Mono path[1] = 'C:/Program Files/2020.3.4f1/Editor/Data/MonoBleedingEdge/lib/mono/unityjit'
Mono config path = 'C:/Program Files/2020.3.4f1/Editor/Data/MonoBleedingEdge/etc'
Using monoOptions --debugger-agent=transport=dt_socket,embedding=1,server=y,suspend=n,address=127.0.0.1:56036
Begin MonoManager ReloadAssembly
Registering precompiled unity dll's ...
Register platform support module: C:/Program Files/2020.3.4f1/Editor/Data/PlaybackEngines/WindowsStandaloneSupport/UnityEditor.WindowsStandalone.Extensions.dll
Registered in 0.002930 seconds.
Native extension for WindowsStandalone target not found
Refreshing native plugins compatible for Editor in 23.64 ms, found 2 plugins.
Preloading 0 native plugins for Editor in 0.00 ms.
Mono: successfully reloaded assembly
- Completed reload, in  2.272 seconds
Platform modules already initialized, skipping
Registering precompiled user dll's ...
Registered in 0.008489 seconds.
Begin MonoManager ReloadAssembly
Native extension for WindowsStandalone target not found
Refreshing native plugins compatible for Editor in 0.28 ms, found 2 plugins.
Preloading 0 native plugins for Editor in 0.00 ms.
Mono: successfully reloaded assembly
- Completed reload, in  0.855 seconds
Platform modules already initialized, skipping
========================================================================
Worker process is ready to serve import requests
Launched and connected shader compiler UnityShaderCompiler.exe after 0.07 seconds
Refreshing native plugins compatible for Editor in 0.31 ms, found 2 plugins.
Preloading 0 native plugins for Editor in 0.00 ms.
Unloading 1502 Unused Serialized files (Serialized files now loaded: 0)
System memory in use before: 67.5 MB.
System memory in use after: 67.6 MB.

Unloading 21 unused Assets to reduce memory usage. Loaded Objects now: 1937.
Total: 2.784500 ms (FindLiveObjects: 0.623400 ms CreateObjectMapping: 0.184600 ms MarkObjects: 1.910400 ms  DeleteObjects: 0.064600 ms)

========================================================================
Received Import Request.
  path: Assets/1_Scenes/Quiz.unity
  artifactKey: Guid(509b8e1ac21e684488f91c718b0f5dc3) Importer(815301076,1909f56bfc062723c751e8b465ee728b)
Start importing Assets/1_Scenes/Quiz.unity using Guid(509b8e1ac21e684488f91c718b0f5dc3) Importer(815301076,1909f56bfc062723c751e8b465ee728b)  -> (artifact id: '32057382e486bb530f71ef071df95bd1') in 0.016184 seconds
  Import took 0.018287 seconds .

========================================================================
Received Import Request.
  Time since last request: 12.973650 seconds.
  path: Assets/2_Scripts/Quiz/QuizItem.cs
  artifactKey: Guid(9b037ec421e9c7a43beae5d1c3d1bfda) Importer(815301076,1909f56bfc062723c751e8b465ee728b)
Start importing Assets/2_Scripts/Quiz/QuizItem.cs using Guid(9b037ec421e9c7a43beae5d1c3d1bfda) Importer(815301076,1909f56bfc062723c751e8b465ee728b)  -> (artifact id: 'c4904599de985112bb5faa158bfb55f4') in 0.032022 seconds
  Import took 0.033930 seconds .

========================================================================
Received Import Request.
  Time since last request: 15.664296 seconds.
  path: Assets/2_Scripts/Quiz/QuizManager.cs
  artifactKey: Guid(aee116b1a8f8a8c4d8fab3f6f3078858) Importer(815301076,1909f56bfc062723c751e8b465ee728b)
Start importing Assets/2_Scripts/Quiz/QuizManager.cs using Guid(aee116b1a8f8a8c4d8fab3f6f3078858) Importer(815301076,1909f56bfc062723c751e8b465ee728b)  -> (artifact id: 'cd730e7d7924e1beb1a5db3bd88496c7') in 0.002891 seconds
  Import took 0.004758 seconds .

========================================================================
Received Import Request.
  Time since last request: 0.000796 seconds.
  path: Assets/2_Scripts/Quiz/QuizManager.cs
  artifactKey: Guid(aee116b1a8f8a8c4d8fab3f6f3078858) Importer(815301076,1909f56bfc062723c751e8b465ee728b)
Start importing Assets/2_Scripts/Quiz/QuizManager.cs using Guid(aee116b1a8f8a8c4d8fab3f6f3078858) Importer(815301076,1909f56bfc062723c751e8b465ee728b)  -> (artifact id: 'cd730e7d7924e1beb1a5db3bd88496c7') in 0.002598 seconds
  Import took 0.004272 seconds .

========================================================================
Received Prepare
Registering precompiled user dll's ...
Registered in 0.006834 seconds.
Begin MonoManager ReloadAssembly
Native extension for WindowsStandalone target not found
Refreshing native plugins compatible for Editor in 0.30 ms, found 2 plugins.
Preloading 0 native plugins for Editor in 0.00 ms.
Mono: successfully reloaded assembly
- Completed reload, in  0.822 seconds
Platform modules already initialized, skipping
Switching build target platform(5) subTarget(0) extendedPlatform(0) -> platform(13) subTarget(537395200) extendedPlatform(0)
Refreshing native plugins compatible for Editor in 0.28 ms, found 2 plugins.
Preloading 0 native plugins for Editor in 0.00 ms.
Unloading 1499 Unused Serialized files (Serialized files now loaded: 0)
System memory in use before: 67.4 MB.
System memory in use after: 67.5 MB.

Unloading 16 unused Assets to reduce memory usage. Loaded Objects now: 1939.
Total: 1.613400 ms (FindLiveObjects: 0.163000 ms CreateObjectMapping: 0.042600 ms MarkObjects: 1.394500 ms  DeleteObjects: 0.012200 ms)

AssetImportParameters requested are different than current active one (requested -> active):
  custom:graphics/normal-map-encoding: 01000000000000000000000000000000 -> 02000000000000000000000000000000
AssetImportWorkerClient::OnTransportError - code=2 error=End of file
